Using pre-set license
Built from '2020.3/staging' branch; Version is '2020.3.8f1 (507919d4fff5) revision 5273881'; Using compiler version '192528614'; Build Type 'Release'
OS: 'Windows 10 Home Single Language; OS build 19042.1288; Version 2009; 64bit' Language: 'es' Physical Memory: 16196 MB
BatchMode: 1, IsHumanControllingUs: 0, StartBugReporterOnCrash: 0, Is64bit: 1, IsPro: 0

 COMMAND LINE ARGUMENTS:
C:\Program Files\Unity\Hub\Editor\2020.3.8f1\Editor\Unity.exe
-adb2
-batchMode
-noUpm
-name
AssetImportWorker0
-projectPath
C:/Users/56998/Documents/GitHub/ShoePicker/TRY ON AR
-logFile
Logs/AssetImportWorker0.log
-srvPort
49786
Successfully changed project path to: C:/Users/56998/Documents/GitHub/ShoePicker/TRY ON AR
C:/Users/56998/Documents/GitHub/ShoePicker/TRY ON AR
Using Asset Import Pipeline V2.
Refreshing native plugins compatible for Editor in 61.12 ms, found 2 plugins.
Preloading 1 native plugins for Editor in 3.78 ms.
Initialize engine version: 2020.3.8f1 (507919d4fff5)
[Subsystems] Discovering subsystems at path C:/Program Files/Unity/Hub/Editor/2020.3.8f1/Editor/Data/Resources/UnitySubsystems
[Subsystems] Discovering subsystems at path C:/Users/56998/Documents/GitHub/ShoePicker/TRY ON AR/Assets
GfxDevice: creating device client; threaded=0
Direct3D:
    Version:  Direct3D 11.0 [level 11.1]
    Renderer: NVIDIA GeForce RTX 2070 with Max-Q Design (ID=0x1f10)
    Vendor:   
    VRAM:     8031 MB
    Driver:   27.21.14.6231
Shader 'PointClouds/PointSplat': fallback shader 'PointClouds/PointSplatLegacy' not found
Initialize mono
Mono path[0] = 'C:/Program Files/Unity/Hub/Editor/2020.3.8f1/Editor/Data/Managed'
Mono path[1] = 'C:/Program Files/Unity/Hub/Editor/2020.3.8f1/Editor/Data/MonoBleedingEdge/lib/mono/unityjit'
Mono config path = 'C:/Program Files/Unity/Hub/Editor/2020.3.8f1/Editor/Data/MonoBleedingEdge/etc'
Using monoOptions --debugger-agent=transport=dt_socket,embedding=1,server=y,suspend=n,address=127.0.0.1:56184
Begin MonoManager ReloadAssembly
Registering precompiled unity dll's ...
Register platform support module: C:/Program Files/Unity/Hub/Editor/2020.3.8f1/Editor/Data/PlaybackEngines/WebGLSupport/UnityEditor.WebGL.Extensions.dll
Register platform support module: C:/Program Files/Unity/Hub/Editor/2020.3.8f1/Editor/Data/PlaybackEngines/WindowsStandaloneSupport/UnityEditor.WindowsStandalone.Extensions.dll
Registered in 0.003503 seconds.
Native extension for WindowsStandalone target not found
Native extension for WebGL target not found
Refreshing native plugins compatible for Editor in 40.66 ms, found 2 plugins.
Preloading 1 native plugins for Editor in 0.08 ms.
Mono: successfully reloaded assembly
- Completed reload, in  2.670 seconds
Platform modules already initialized, skipping
Registering precompiled user dll's ...
Registered in 0.009744 seconds.
Begin MonoManager ReloadAssembly
Native extension for WindowsStandalone target not found
Native extension for WebGL target not found
Refreshing native plugins compatible for Editor in 37.44 ms, found 2 plugins.
Preloading 1 native plugins for Editor in 0.11 ms.
System.NullReferenceException: Object reference not set to an instance of an object
  at Vuforia.EditorClasses.ExtensionTypeProvider.GetVuforiaPackageAbsPath () [0x0004a] in <664162e2bf7f40388b13ee61d1693ae2>:0 
  at Vuforia.EditorClasses.ExtensionTypeProvider.IsPackageManager () [0x00000] in <664162e2bf7f40388b13ee61d1693ae2>:0 
  at Vuforia.EditorClasses.ExtensionTypeProvider.ResolvePluginType () [0x00009] in <664162e2bf7f40388b13ee61d1693ae2>:0 
  at Vuforia.EditorClasses.ExtensionTypeProvider.GetPluginType () [0x0000c] in <664162e2bf7f40388b13ee61d1693ae2>:0 
  at Vuforia.EditorClasses.VuforiaUtilities.IsVuforiaEnabledInPlayerSettings () [0x00000] in <664162e2bf7f40388b13ee61d1693ae2>:0 
  at VuforiaEnabledObserver..cctor () [0x00000] in <664162e2bf7f40388b13ee61d1693ae2>:0 
UnityEngine.StackTraceUtility:ExtractStackTrace ()
UnityEngine.DebugLogHandler:LogFormat (UnityEngine.LogType,UnityEngine.Object,string,object[])
UnityEngine.Logger:Log (UnityEngine.LogType,object)
UnityEngine.Debug:LogError (object)
UnityEditor.EditorAssemblies:ProcessInitializeOnLoadAttributes (System.Type[])

System.NullReferenceException: Object reference not set to an instance of an object
  at Vuforia.EditorClasses.ExtensionTypeProvider.GetVuforiaPackageAbsPath () [0x0004a] in <664162e2bf7f40388b13ee61d1693ae2>:0 
  at Vuforia.EditorClasses.ExtensionTypeProvider.IsPackageManager () [0x00000] in <664162e2bf7f40388b13ee61d1693ae2>:0 
  at Vuforia.EditorClasses.ExtensionTypeProvider.ResolvePluginType () [0x00009] in <664162e2bf7f40388b13ee61d1693ae2>:0 
  at Vuforia.EditorClasses.ExtensionTypeProvider.GetPluginType () [0x0000c] in <664162e2bf7f40388b13ee61d1693ae2>:0 
  at Vuforia.EditorClasses.VuforiaUtilities.IsVuforiaEnabledInPlayerSettings () [0x00000] in <664162e2bf7f40388b13ee61d1693ae2>:0 
  at Vuforia.EditorClasses.InitializeOnLoadVuforiaTaskRunner..cctor () [0x00015] in <664162e2bf7f40388b13ee61d1693ae2>:0 
UnityEngine.StackTraceUtility:ExtractStackTrace ()
UnityEngine.DebugLogHandler:LogFormat (UnityEngine.LogType,UnityEngine.Object,string,object[])
UnityEngine.Logger:Log (UnityEngine.LogType,object)
UnityEngine.Debug:LogError (object)
UnityEditor.EditorAssemblies:ProcessInitializeOnLoadAttributes (System.Type[])

Mono: successfully reloaded assembly
- Completed reload, in  1.297 seconds
Platform modules already initialized, skipping
========================================================================
Worker process is ready to serve import requests
Shader 'PointClouds/PointSplat': fallback shader 'PointClouds/PointSplatLegacy' not found
Launched and connected shader compiler UnityShaderCompiler.exe after 0.06 seconds
Refreshing native plugins compatible for Editor in 0.81 ms, found 2 plugins.
Preloading 1 native plugins for Editor in 0.09 ms.
Unloading 1607 Unused Serialized files (Serialized files now loaded: 0)
System memory in use before: 87.8 MB.
System memory in use after: 87.9 MB.

Unloading 41 unused Assets to reduce memory usage. Loaded Objects now: 2324.
Total: 2.484700 ms (FindLiveObjects: 0.214200 ms CreateObjectMapping: 0.076200 ms MarkObjects: 2.044000 ms  DeleteObjects: 0.148900 ms)

========================================================================
Received Import Request.
  path: Assets/Prefabs/robot/ControlledRobot.prefab
  artifactKey: Guid(d93d5415c51fa49aba66e61ec7b78b34) Importer(815301076,1909f56bfc062723c751e8b465ee728b)
Start importing Assets/Prefabs/robot/ControlledRobot.prefab using Guid(d93d5415c51fa49aba66e61ec7b78b34) Importer(815301076,1909f56bfc062723c751e8b465ee728b)  -> (artifact id: 'b817a5adf96bc5c725a9ba0c67d41c1b') in 1.034083 seconds
  Import took 1.039976 seconds .

========================================================================
Received Import Request.
  Time since last request: 161.574335 seconds.
  path: Assets/Scripts/ShoeManager.cs
  artifactKey: Guid(3b662323a4d249f43acba5d93290638d) Importer(815301076,1909f56bfc062723c751e8b465ee728b)
Start importing Assets/Scripts/ShoeManager.cs using Guid(3b662323a4d249f43acba5d93290638d) Importer(815301076,1909f56bfc062723c751e8b465ee728b)  -> (artifact id: '9dffa7493690e93d3fdfc9d94e61d8b8') in 0.015721 seconds
  Import took 0.025696 seconds .

========================================================================
Received Import Request.
  Time since last request: 0.001283 seconds.
  path: Assets/Scripts/ShoeManager.cs
  artifactKey: Guid(3b662323a4d249f43acba5d93290638d) Importer(815301076,1909f56bfc062723c751e8b465ee728b)
Start importing Assets/Scripts/ShoeManager.cs using Guid(3b662323a4d249f43acba5d93290638d) Importer(815301076,1909f56bfc062723c751e8b465ee728b)  -> (artifact id: '9dffa7493690e93d3fdfc9d94e61d8b8') in 0.004283 seconds
  Import took 0.009995 seconds .

========================================================================
Received Prepare
Registering precompiled user dll's ...
Registered in 0.014123 seconds.
Begin MonoManager ReloadAssembly
Native extension for WindowsStandalone target not found
Native extension for WebGL target not found
Refreshing native plugins compatible for Editor in 1.41 ms, found 2 plugins.
Preloading 1 native plugins for Editor in 0.43 ms.
System.NullReferenceException: Object reference not set to an instance of an object
  at Vuforia.EditorClasses.ExtensionTypeProvider.GetVuforiaPackageAbsPath () [0x0004a] in <664162e2bf7f40388b13ee61d1693ae2>:0 
  at Vuforia.EditorClasses.ExtensionTypeProvider.IsPackageManager () [0x00000] in <664162e2bf7f40388b13ee61d1693ae2>:0 
  at Vuforia.EditorClasses.ExtensionTypeProvider.ResolvePluginType () [0x00009] in <664162e2bf7f40388b13ee61d1693ae2>:0 
  at Vuforia.EditorClasses.ExtensionTypeProvider.GetPluginType () [0x0000c] in <664162e2bf7f40388b13ee61d1693ae2>:0 
  at Vuforia.EditorClasses.VuforiaUtilities.IsVuforiaEnabledInPlayerSettings () [0x00000] in <664162e2bf7f40388b13ee61d1693ae2>:0 
  at VuforiaEnabledObserver..cctor () [0x00000] in <664162e2bf7f40388b13ee61d1693ae2>:0 
UnityEngine.StackTraceUtility:ExtractStackTrace ()
UnityEngine.DebugLogHandler:LogFormat (UnityEngine.LogType,UnityEngine.Object,string,object[])
UnityEngine.Logger:Log (UnityEngine.LogType,object)
UnityEngine.Debug:LogError (object)
UnityEditor.EditorAssemblies:ProcessInitializeOnLoadAttributes (System.Type[])

System.NullReferenceException: Object reference not set to an instance of an object
  at Vuforia.EditorClasses.ExtensionTypeProvider.GetVuforiaPackageAbsPath () [0x0004a] in <664162e2bf7f40388b13ee61d1693ae2>:0 
  at Vuforia.EditorClasses.ExtensionTypeProvider.IsPackageManager () [0x00000] in <664162e2bf7f40388b13ee61d1693ae2>:0 
  at Vuforia.EditorClasses.ExtensionTypeProvider.ResolvePluginType () [0x00009] in <664162e2bf7f40388b13ee61d1693ae2>:0 
  at Vuforia.EditorClasses.ExtensionTypeProvider.GetPluginType () [0x0000c] in <664162e2bf7f40388b13ee61d1693ae2>:0 
  at Vuforia.EditorClasses.VuforiaUtilities.IsVuforiaEnabledInPlayerSettings () [0x00000] in <664162e2bf7f40388b13ee61d1693ae2>:0 
  at Vuforia.EditorClasses.InitializeOnLoadVuforiaTaskRunner..cctor () [0x00015] in <664162e2bf7f40388b13ee61d1693ae2>:0 
UnityEngine.StackTraceUtility:ExtractStackTrace ()
UnityEngine.DebugLogHandler:LogFormat (UnityEngine.LogType,UnityEngine.Object,string,object[])
UnityEngine.Logger:Log (UnityEngine.LogType,object)
UnityEngine.Debug:LogError (object)
UnityEditor.EditorAssemblies:ProcessInitializeOnLoadAttributes (System.Type[])

Mono: successfully reloaded assembly
- Completed reload, in  1.366 seconds
Platform modules already initialized, skipping
Switching build target platform(5) subTarget(0) extendedPlatform(0) -> platform(13) subTarget(524288) extendedPlatform(0)
Shader 'PointClouds/PointSplat': fallback shader 'PointClouds/PointSplatLegacy' not found
Refreshing native plugins compatible for Editor in 1.16 ms, found 2 plugins.
Preloading 1 native plugins for Editor in 0.12 ms.
Unloading 1587 Unused Serialized files (Serialized files now loaded: 0)
System memory in use before: 104.7 MB.
System memory in use after: 104.8 MB.

Unloading 36 unused Assets to reduce memory usage. Loaded Objects now: 2374.
Total: 3.837400 ms (FindLiveObjects: 0.486000 ms CreateObjectMapping: 0.298400 ms MarkObjects: 2.955400 ms  DeleteObjects: 0.094500 ms)

AssetImportParameters requested are different than current active one (requested -> active):
  custom:graphics/normal-map-encoding: 01000000000000000000000000000000 -> 02000000000000000000000000000000
========================================================================
Received Import Request.
  Time since last request: 610.890851 seconds.
  path: Assets/Scripts/ShoeManager.cs
  artifactKey: Guid(3b662323a4d249f43acba5d93290638d) Importer(815301076,1909f56bfc062723c751e8b465ee728b)
Start importing Assets/Scripts/ShoeManager.cs using Guid(3b662323a4d249f43acba5d93290638d) Importer(815301076,1909f56bfc062723c751e8b465ee728b)  -> (artifact id: 'd4b019f4bb0cc9bcbaac1d229644c953') in 0.009259 seconds
  Import took 0.013245 seconds .

========================================================================
Received Import Request.
  Time since last request: 0.001366 seconds.
  path: Assets/Scripts/ShoeManager.cs
  artifactKey: Guid(3b662323a4d249f43acba5d93290638d) Importer(815301076,1909f56bfc062723c751e8b465ee728b)
Start importing Assets/Scripts/ShoeManager.cs using Guid(3b662323a4d249f43acba5d93290638d) Importer(815301076,1909f56bfc062723c751e8b465ee728b)  -> (artifact id: 'd4b019f4bb0cc9bcbaac1d229644c953') in 0.003036 seconds
  Import took 0.006506 seconds .

========================================================================
Received Prepare
Registering precompiled user dll's ...
Registered in 0.010784 seconds.
Begin MonoManager ReloadAssembly
Native extension for WindowsStandalone target not found
Native extension for WebGL target not found
Refreshing native plugins compatible for Editor in 0.50 ms, found 2 plugins.
Preloading 1 native plugins for Editor in 0.09 ms.
System.NullReferenceException: Object reference not set to an instance of an object
  at Vuforia.EditorClasses.ExtensionTypeProvider.GetVuforiaPackageAbsPath () [0x0004a] in <664162e2bf7f40388b13ee61d1693ae2>:0 
  at Vuforia.EditorClasses.ExtensionTypeProvider.IsPackageManager () [0x00000] in <664162e2bf7f40388b13ee61d1693ae2>:0 
  at Vuforia.EditorClasses.ExtensionTypeProvider.ResolvePluginType () [0x00009] in <664162e2bf7f40388b13ee61d1693ae2>:0 
  at Vuforia.EditorClasses.ExtensionTypeProvider.GetPluginType () [0x0000c] in <664162e2bf7f40388b13ee61d1693ae2>:0 
  at Vuforia.EditorClasses.VuforiaUtilities.IsVuforiaEnabledInPlayerSettings () [0x00000] in <664162e2bf7f40388b13ee61d1693ae2>:0 
  at VuforiaEnabledObserver..cctor () [0x00000] in <664162e2bf7f40388b13ee61d1693ae2>:0 
UnityEngine.StackTraceUtility:ExtractStackTrace ()
UnityEngine.DebugLogHandler:LogFormat (UnityEngine.LogType,UnityEngine.Object,string,object[])
UnityEngine.Logger:Log (UnityEngine.LogType,object)
UnityEngine.Debug:LogError (object)
UnityEditor.EditorAssemblies:ProcessInitializeOnLoadAttributes (System.Type[])

System.NullReferenceException: Object reference not set to an instance of an object
  at Vuforia.EditorClasses.ExtensionTypeProvider.GetVuforiaPackageAbsPath () [0x0004a] in <664162e2bf7f40388b13ee61d1693ae2>:0 
  at Vuforia.EditorClasses.ExtensionTypeProvider.IsPackageManager () [0x00000] in <664162e2bf7f40388b13ee61d1693ae2>:0 
  at Vuforia.EditorClasses.ExtensionTypeProvider.ResolvePluginType () [0x00009] in <664162e2bf7f40388b13ee61d1693ae2>:0 
  at Vuforia.EditorClasses.ExtensionTypeProvider.GetPluginType () [0x0000c] in <664162e2bf7f40388b13ee61d1693ae2>:0 
  at Vuforia.EditorClasses.VuforiaUtilities.IsVuforiaEnabledInPlayerSettings () [0x00000] in <664162e2bf7f40388b13ee61d1693ae2>:0 
  at Vuforia.EditorClasses.InitializeOnLoadVuforiaTaskRunner..cctor () [0x00015] in <664162e2bf7f40388b13ee61d1693ae2>:0 
UnityEngine.StackTraceUtility:ExtractStackTrace ()
UnityEngine.DebugLogHandler:LogFormat (UnityEngine.LogType,UnityEngine.Object,string,object[])
UnityEngine.Logger:Log (UnityEngine.LogType,object)
UnityEngine.Debug:LogError (object)
UnityEditor.EditorAssemblies:ProcessInitializeOnLoadAttributes (System.Type[])

Mono: successfully reloaded assembly
- Completed reload, in  1.213 seconds
Platform modules already initialized, skipping
Switching build target platform(5) subTarget(0) extendedPlatform(0) -> platform(13) subTarget(524288) extendedPlatform(0)
Shader 'PointClouds/PointSplat': fallback shader 'PointClouds/PointSplatLegacy' not found
Refreshing native plugins compatible for Editor in 0.49 ms, found 2 plugins.
Preloading 1 native plugins for Editor in 0.08 ms.
Unloading 1587 Unused Serialized files (Serialized files now loaded: 0)
System memory in use before: 104.8 MB.
System memory in use after: 104.8 MB.

Unloading 36 unused Assets to reduce memory usage. Loaded Objects now: 2378.
Total: 2.970400 ms (FindLiveObjects: 0.404400 ms CreateObjectMapping: 0.093200 ms MarkObjects: 2.376200 ms  DeleteObjects: 0.094300 ms)

AssetImportParameters requested are different than current active one (requested -> active):
  custom:graphics/normal-map-encoding: 01000000000000000000000000000000 -> 02000000000000000000000000000000
========================================================================
Received Import Request.
  Time since last request: 220.089923 seconds.
  path: Assets/Prefabs/CasualBlenderLeft .prefab
  artifactKey: Guid(da09f64ac1f79c6479975000fd7b100f) Importer(815301076,1909f56bfc062723c751e8b465ee728b)
Start importing Assets/Prefabs/CasualBlenderLeft .prefab using Guid(da09f64ac1f79c6479975000fd7b100f) Importer(815301076,1909f56bfc062723c751e8b465ee728b)  -> (artifact id: '3282e7a720b92299052372b6e0b78dd8') in 0.196941 seconds
  Import took 0.208860 seconds .

========================================================================
Received Import Request.
  Time since last request: 30.116801 seconds.
  path: Assets/Prefabs/CasualBlenderRight).prefab
  artifactKey: Guid(0bcaaa8432e21ac4e8b8c37c79c8506e) Importer(815301076,1909f56bfc062723c751e8b465ee728b)
Start importing Assets/Prefabs/CasualBlenderRight).prefab using Guid(0bcaaa8432e21ac4e8b8c37c79c8506e) Importer(815301076,1909f56bfc062723c751e8b465ee728b)  -> (artifact id: '6f1df98378b00858ce8bddd5d0c887a1') in 0.129100 seconds
  Import took 0.138614 seconds .

========================================================================
Received Import Request.
  Time since last request: 25.629245 seconds.
  path: Assets/Prefabs/robot/ControlledRobot.prefab
  artifactKey: Guid(d93d5415c51fa49aba66e61ec7b78b34) Importer(815301076,1909f56bfc062723c751e8b465ee728b)
Start importing Assets/Prefabs/robot/ControlledRobot.prefab using Guid(d93d5415c51fa49aba66e61ec7b78b34) Importer(815301076,1909f56bfc062723c751e8b465ee728b)  -> (artifact id: '5f0a20a74156dc9ee550b3aacad7ece7') in 0.741685 seconds
  Import took 0.748146 seconds .

========================================================================
Received Import Request.
  Time since last request: 263.612593 seconds.
  path: Assets/Prefabs/robot/ControlledRobot.prefab
  artifactKey: Guid(d93d5415c51fa49aba66e61ec7b78b34) Importer(815301076,1909f56bfc062723c751e8b465ee728b)
Start importing Assets/Prefabs/robot/ControlledRobot.prefab using Guid(d93d5415c51fa49aba66e61ec7b78b34) Importer(815301076,1909f56bfc062723c751e8b465ee728b)  -> (artifact id: '2f15210139b1e9af99342b8c261e2920') in 0.689820 seconds
  Import took 0.699331 seconds .

========================================================================
Received Import Request.
  Time since last request: 0.005008 seconds.
  path: Assets/Prefabs/robot/ControlledRobot.prefab
  artifactKey: Guid(d93d5415c51fa49aba66e61ec7b78b34) Importer(815301076,1909f56bfc062723c751e8b465ee728b)
Start importing Assets/Prefabs/robot/ControlledRobot.prefab using Guid(d93d5415c51fa49aba66e61ec7b78b34) Importer(815301076,1909f56bfc062723c751e8b465ee728b)  -> (artifact id: '2f15210139b1e9af99342b8c261e2920') in 0.677024 seconds
  Import took 0.685883 seconds .

========================================================================
Received Import Request.
  Time since last request: 32.459986 seconds.
  path: Assets/Prefabs/robot/ControlledRobot.prefab
  artifactKey: Guid(d93d5415c51fa49aba66e61ec7b78b34) Importer(815301076,1909f56bfc062723c751e8b465ee728b)
Start importing Assets/Prefabs/robot/ControlledRobot.prefab using Guid(d93d5415c51fa49aba66e61ec7b78b34) Importer(815301076,1909f56bfc062723c751e8b465ee728b)  -> (artifact id: 'ff87eaa0ba73f450b2e43df52b2f5bdd') in 0.665254 seconds
  Import took 0.673194 seconds .

========================================================================
Received Import Request.
  Time since last request: 1.244854 seconds.
  path: Assets/Prefabs/robot/ControlledRobot.prefab
  artifactKey: Guid(d93d5415c51fa49aba66e61ec7b78b34) Importer(815301076,1909f56bfc062723c751e8b465ee728b)
Start importing Assets/Prefabs/robot/ControlledRobot.prefab using Guid(d93d5415c51fa49aba66e61ec7b78b34) Importer(815301076,1909f56bfc062723c751e8b465ee728b)  -> (artifact id: '0db06b9273288c776467507882900470') in 0.568864 seconds
  Import took 0.576157 seconds .

========================================================================
Received Import Request.
  Time since last request: 82.653687 seconds.
  path: Assets/Prefabs/robot/ControlledRobot.prefab
  artifactKey: Guid(d93d5415c51fa49aba66e61ec7b78b34) Importer(815301076,1909f56bfc062723c751e8b465ee728b)
Start importing Assets/Prefabs/robot/ControlledRobot.prefab using Guid(d93d5415c51fa49aba66e61ec7b78b34) Importer(815301076,1909f56bfc062723c751e8b465ee728b)  -> (artifact id: 'e63d09c97f9bbf90df5dc18f743e5ffc') in 0.685273 seconds
  Import took 0.692043 seconds .

========================================================================
Received Prepare
Registering precompiled user dll's ...
Registered in 0.008293 seconds.
Begin MonoManager ReloadAssembly
Native extension for WindowsStandalone target not found
Native extension for WebGL target not found
Refreshing native plugins compatible for Editor in 0.53 ms, found 2 plugins.
Preloading 1 native plugins for Editor in 0.11 ms.
System.NullReferenceException: Object reference not set to an instance of an object
  at Vuforia.EditorClasses.ExtensionTypeProvider.GetVuforiaPackageAbsPath () [0x0004a] in <664162e2bf7f40388b13ee61d1693ae2>:0 
  at Vuforia.EditorClasses.ExtensionTypeProvider.IsPackageManager () [0x00000] in <664162e2bf7f40388b13ee61d1693ae2>:0 
  at Vuforia.EditorClasses.ExtensionTypeProvider.ResolvePluginType () [0x00009] in <664162e2bf7f40388b13ee61d1693ae2>:0 
  at Vuforia.EditorClasses.ExtensionTypeProvider.GetPluginType () [0x0000c] in <664162e2bf7f40388b13ee61d1693ae2>:0 
  at Vuforia.EditorClasses.VuforiaUtilities.IsVuforiaEnabledInPlayerSettings () [0x00000] in <664162e2bf7f40388b13ee61d1693ae2>:0 
  at VuforiaEnabledObserver..cctor () [0x00000] in <664162e2bf7f40388b13ee61d1693ae2>:0 
UnityEngine.StackTraceUtility:ExtractStackTrace ()
UnityEngine.DebugLogHandler:LogFormat (UnityEngine.LogType,UnityEngine.Object,string,object[])
UnityEngine.Logger:Log (UnityEngine.LogType,object)
UnityEngine.Debug:LogError (object)
UnityEditor.EditorAssemblies:ProcessInitializeOnLoadAttributes (System.Type[])

System.NullReferenceException: Object reference not set to an instance of an object
  at Vuforia.EditorClasses.ExtensionTypeProvider.GetVuforiaPackageAbsPath () [0x0004a] in <664162e2bf7f40388b13ee61d1693ae2>:0 
  at Vuforia.EditorClasses.ExtensionTypeProvider.IsPackageManager () [0x00000] in <664162e2bf7f40388b13ee61d1693ae2>:0 
  at Vuforia.EditorClasses.ExtensionTypeProvider.ResolvePluginType () [0x00009] in <664162e2bf7f40388b13ee61d1693ae2>:0 
  at Vuforia.EditorClasses.ExtensionTypeProvider.GetPluginType () [0x0000c] in <664162e2bf7f40388b13ee61d1693ae2>:0 
  at Vuforia.EditorClasses.VuforiaUtilities.IsVuforiaEnabledInPlayerSettings () [0x00000] in <664162e2bf7f40388b13ee61d1693ae2>:0 
  at Vuforia.EditorClasses.InitializeOnLoadVuforiaTaskRunner..cctor () [0x00015] in <664162e2bf7f40388b13ee61d1693ae2>:0 
UnityEngine.StackTraceUtility:ExtractStackTrace ()
UnityEngine.DebugLogHandler:LogFormat (UnityEngine.LogType,UnityEngine.Object,string,object[])
UnityEngine.Logger:Log (UnityEngine.LogType,object)
UnityEngine.Debug:LogError (object)
UnityEditor.EditorAssemblies:ProcessInitializeOnLoadAttributes (System.Type[])

Mono: successfully reloaded assembly
- Completed reload, in  1.179 seconds
Platform modules already initialized, skipping
Switching build target platform(5) subTarget(0) extendedPlatform(0) -> platform(13) subTarget(524288) extendedPlatform(0)
Shader 'PointClouds/PointSplat': fallback shader 'PointClouds/PointSplatLegacy' not found
Refreshing native plugins compatible for Editor in 0.91 ms, found 2 plugins.
Preloading 1 native plugins for Editor in 0.13 ms.
Unloading 1587 Unused Serialized files (Serialized files now loaded: 0)
System memory in use before: 104.9 MB.
System memory in use after: 105.0 MB.

Unloading 36 unused Assets to reduce memory usage. Loaded Objects now: 2383.
Total: 4.074100 ms (FindLiveObjects: 0.443700 ms CreateObjectMapping: 0.536800 ms MarkObjects: 3.032600 ms  DeleteObjects: 0.059700 ms)

AssetImportParameters requested are different than current active one (requested -> active):
  custom:graphics/normal-map-encoding: 01000000000000000000000000000000 -> 02000000000000000000000000000000
========================================================================
Received Import Request.
  Time since last request: 671.648892 seconds.
  path: Assets/Prefabs/CipelaLeft .prefab
  artifactKey: Guid(442ae632ee60298498d574b1cad4e154) Importer(815301076,1909f56bfc062723c751e8b465ee728b)
Start importing Assets/Prefabs/CipelaLeft .prefab using Guid(442ae632ee60298498d574b1cad4e154) Importer(815301076,1909f56bfc062723c751e8b465ee728b)  -> (artifact id: '5530b155c64c826436bd418b5fc7477c') in 0.342929 seconds
  Import took 0.359374 seconds .

========================================================================
Received Import Request.
  Time since last request: 26.851940 seconds.
  path: Assets/Prefabs/CipelaRight .prefab
  artifactKey: Guid(7161992ab0d33684a888042451645e05) Importer(815301076,1909f56bfc062723c751e8b465ee728b)
Start importing Assets/Prefabs/CipelaRight .prefab using Guid(7161992ab0d33684a888042451645e05) Importer(815301076,1909f56bfc062723c751e8b465ee728b)  -> (artifact id: 'a86e06d1fe904949a3bff27fa632609d') in 0.214575 seconds
  Import took 0.226077 seconds .

